<?xml version="1.0" encoding="UTF-8"?>
<testsuite name="stickmanTest.viewTest.BlockedBackgroundTest" tests="1" skipped="0" failures="0" errors="0" timestamp="2020-11-16T06:08:55" hostname="pengchengdeMacBook-Pro.local" time="0.006">
  <properties/>
  <testcase name="drawTest" classname="stickmanTest.viewTest.BlockedBackgroundTest" time="0.006"/>
  <system-out><![CDATA[4
]]></system-out>
  <system-err><![CDATA[]]></system-err>
</testsuite>
