<?xml version="1.0" encoding="UTF-8"?>
<testsuite name="stickmanTest.EntitiesTest.HeroPathStateTest.HeroPathStateContextTest" tests="3" skipped="0" failures="0" errors="0" timestamp="2020-11-16T06:08:20" hostname="pengchengdeMacBook-Pro.local" time="0.001">
  <properties/>
  <testcase name="getPathTest" classname="stickmanTest.EntitiesTest.HeroPathStateTest.HeroPathStateContextTest" time="0.001"/>
  <testcase name="setStateTest" classname="stickmanTest.EntitiesTest.HeroPathStateTest.HeroPathStateContextTest" time="0.0"/>
  <testcase name="getCharacterTest" classname="stickmanTest.EntitiesTest.HeroPathStateTest.HeroPathStateContextTest" time="0.0"/>
  <system-out><![CDATA[]]></system-out>
  <system-err><![CDATA[]]></system-err>
</testsuite>
