<?xml version="1.0" encoding="UTF-8"?>
<testsuite name="stickmanTest.EntitiesTest.FloorTileFactoryTest.FloorTileFactoryTest" tests="3" skipped="0" failures="0" errors="0" timestamp="2020-11-16T06:08:20" hostname="pengchengdeMacBook-Pro.local" time="0.0">
  <properties/>
  <testcase name="createFloorTileTest" classname="stickmanTest.EntitiesTest.FloorTileFactoryTest.FloorTileFactoryTest" time="0.0"/>
  <testcase name="buildTileTest" classname="stickmanTest.EntitiesTest.FloorTileFactoryTest.FloorTileFactoryTest" time="0.0"/>
  <testcase name="newInstanceTest" classname="stickmanTest.EntitiesTest.FloorTileFactoryTest.FloorTileFactoryTest" time="0.0"/>
  <system-out><![CDATA[]]></system-out>
  <system-err><![CDATA[]]></system-err>
</testsuite>
