<?xml version="1.0" encoding="UTF-8"?>
<testsuite name="stickmanTest.levelsTest.LevelTest" tests="1" skipped="0" failures="0" errors="0" timestamp="2020-11-16T06:08:20" hostname="pengchengdeMacBook-Pro.local" time="34.096">
  <properties/>
  <testcase name="buildLevelTest" classname="stickmanTest.levelsTest.LevelTest" time="34.096"/>
  <system-out><![CDATA[4
]]></system-out>
  <system-err><![CDATA[]]></system-err>
</testsuite>
