<?xml version="1.0" encoding="UTF-8"?>
<testsuite name="stickmanTest.modelTest.GameEngineImpTest" tests="4" skipped="0" failures="0" errors="0" timestamp="2020-11-16T06:08:20" hostname="pengchengdeMacBook-Pro.local" time="0.074">
  <properties/>
  <testcase name="moveRightTest" classname="stickmanTest.modelTest.GameEngineImpTest" time="0.06"/>
  <testcase name="jump" classname="stickmanTest.modelTest.GameEngineImpTest" time="0.004"/>
  <testcase name="stopMovingTest" classname="stickmanTest.modelTest.GameEngineImpTest" time="0.004"/>
  <testcase name="moveLeftTest" classname="stickmanTest.modelTest.GameEngineImpTest" time="0.005"/>
  <system-out><![CDATA[4
4
4
4
]]></system-out>
  <system-err><![CDATA[]]></system-err>
</testsuite>
